0 info it worked if it ends with ok
1 verbose cli [ '/usr/bin/node', '/usr/bin/npm', 'install', 'jodit' ]
2 info using npm@3.5.2
3 info using node@v8.10.0
4 silly loadCurrentTree Starting
5 silly install loadCurrentTree
6 silly install readLocalPackageData
7 silly fetchPackageMetaData jodit
8 silly fetchNamedPackageData jodit
9 silly mapToRegistry name jodit
10 silly mapToRegistry using default registry
11 silly mapToRegistry registry https://registry.npmjs.org/
12 silly mapToRegistry uri https://registry.npmjs.org/jodit
13 verbose request uri https://registry.npmjs.org/jodit
14 verbose request no auth needed
15 info attempt registry request try #1 at 12:24:04
16 verbose request id 7cc864b0c1a938f2
17 http request GET https://registry.npmjs.org/jodit
18 http 200 https://registry.npmjs.org/jodit
19 verbose headers { date: 'Mon, 17 Jun 2019 16:24:05 GMT',
19 verbose headers   'content-type': 'application/json',
19 verbose headers   'transfer-encoding': 'chunked',
19 verbose headers   connection: 'keep-alive',
19 verbose headers   'set-cookie':
19 verbose headers    [ '__cfduid=dfac13a827376de49821ebcbfc55a1b311560788644; expires=Tue, 16-Jun-20 16:24:04 GMT; path=/; domain=.npmjs.org; HttpOnly' ],
19 verbose headers   'cf-cache-status': 'MISS',
19 verbose headers   'cache-control': 'max-age=300',
19 verbose headers   'cf-ray': '4e865f242c26bb02-SCL',
19 verbose headers   etag: 'W/"55a2d27037c5871104bc28c0001bc8ad"',
19 verbose headers   'expect-ct': 'max-age=604800, report-uri="https://report-uri.cloudflare.com/cdn-cgi/beacon/expect-ct"',
19 verbose headers   'last-modified': 'Sun, 03 Mar 2019 14:52:46 GMT',
19 verbose headers   vary: 'accept-encoding, accept',
19 verbose headers   'x-amz-meta-rev': '360-b6b414a52919c27ae604d99159de33e4',
19 verbose headers   server: 'cloudflare',
19 verbose headers   'content-encoding': 'gzip' }
20 silly get cb [ 200,
20 silly get   { date: 'Mon, 17 Jun 2019 16:24:05 GMT',
20 silly get     'content-type': 'application/json',
20 silly get     'transfer-encoding': 'chunked',
20 silly get     connection: 'keep-alive',
20 silly get     'set-cookie':
20 silly get      [ '__cfduid=dfac13a827376de49821ebcbfc55a1b311560788644; expires=Tue, 16-Jun-20 16:24:04 GMT; path=/; domain=.npmjs.org; HttpOnly' ],
20 silly get     'cf-cache-status': 'MISS',
20 silly get     'cache-control': 'max-age=300',
20 silly get     'cf-ray': '4e865f242c26bb02-SCL',
20 silly get     etag: 'W/"55a2d27037c5871104bc28c0001bc8ad"',
20 silly get     'expect-ct': 'max-age=604800, report-uri="https://report-uri.cloudflare.com/cdn-cgi/beacon/expect-ct"',
20 silly get     'last-modified': 'Sun, 03 Mar 2019 14:52:46 GMT',
20 silly get     vary: 'accept-encoding, accept',
20 silly get     'x-amz-meta-rev': '360-b6b414a52919c27ae604d99159de33e4',
20 silly get     server: 'cloudflare',
20 silly get     'content-encoding': 'gzip' } ]
21 verbose get saving jodit to /root/.npm/registry.npmjs.org/jodit/.cache.json
22 verbose makeDirectory /root/.npm creation not in flight; initializing
23 silly makeDirectory /root/.npm uid: 1000 gid: 1000
24 silly install normalizeTree
25 silly loadCurrentTree Finishing
26 silly loadIdealTree Starting
27 silly install loadIdealTree
28 silly cloneCurrentTree Starting
29 silly install cloneCurrentTreeToIdealTree
30 silly cloneCurrentTree Finishing
31 silly loadShrinkwrap Starting
32 silly install loadShrinkwrap
33 silly loadShrinkwrap Finishing
34 silly loadAllDepsIntoIdealTree Starting
35 silly install loadAllDepsIntoIdealTree
36 silly rollbackFailedOptional Starting
37 silly rollbackFailedOptional Finishing
38 silly runTopLevelLifecycles Starting
39 silly runTopLevelLifecycles Finishing
40 silly install printInstalled
41 verbose stack Error: Refusing to install jodit as a dependency of itself
41 verbose stack     at checkSelf (/usr/share/npm/lib/install/validate-args.js:40:14)
41 verbose stack     at Array.<anonymous> (/usr/share/npm/node_modules/slide/lib/bind-actor.js:15:8)
41 verbose stack     at LOOP (/usr/share/npm/node_modules/slide/lib/chain.js:15:14)
41 verbose stack     at chain (/usr/share/npm/node_modules/slide/lib/chain.js:20:5)
41 verbose stack     at /usr/share/npm/lib/install/validate-args.js:15:5
41 verbose stack     at /usr/share/npm/node_modules/slide/lib/async-map.js:52:35
41 verbose stack     at Array.forEach (<anonymous>)
41 verbose stack     at /usr/share/npm/node_modules/slide/lib/async-map.js:52:11
41 verbose stack     at Array.forEach (<anonymous>)
41 verbose stack     at asyncMap (/usr/share/npm/node_modules/slide/lib/async-map.js:51:8)
42 verbose cwd /var/www/ejemplo.com/html
43 error Linux 4.18.0-21-generic
44 error argv "/usr/bin/node" "/usr/bin/npm" "install" "jodit"
45 error node v8.10.0
46 error npm  v3.5.2
47 error code ENOSELF
48 error Refusing to install jodit as a dependency of itself
49 error If you need help, you may report this error at:
49 error     <https://github.com/npm/npm/issues>
50 verbose exit [ 1, true ]
